
> stelinfo@1.0.0 start
> concurrently "npm run start:backend" "npm run start:frontend"

[1] 
[1] > stelinfo@1.0.0 start:frontend
[1] > concurrently "cd frontend && npm run dev"
[1] 
[0] 
[0] > stelinfo@1.0.0 start:backend
[0] > concurrently "cd backend && tsc -w" "cd backend && nodemon dist/index.js"
[0] 
[0] [0] [2J[3J[H오전 3:14:14 - Starting compilation in watch mode...
[0] [0] 
[0] [1] [33m[nodemon] 3.1.11[39m
[0] [1] [33m[nodemon] to restart at any time, enter `rs`[39m
[0] [1] [33m[nodemon] watching path(s): *.*[39m
[0] [1] [33m[nodemon] watching extensions: js,mjs,cjs,json[39m
[0] [1] [32m[nodemon] starting `node dist/index.js`[39m
[1] [0] 
[1] [0] > frontend@0.0.1 dev
[1] [0] > vite dev
[1] [0] 
[0] [1] Server is running on http://localhost:3000
[0] [1] [32m[nodemon] restarting due to changes...[39m
[0] [0] 
[0] [0] 오전 3:14:15 - Found 0 errors. Watching for file changes.
[0] [1] [32m[nodemon] restarting due to changes...[39m
[0] [1] [32m[nodemon] starting `node dist/index.js`[39m
[0] [1] Server is running on http://localhost:3000
[1] [0] [2m오전 3:14:15[22m [36m[1m[vite][22m[39m [90m[2m(client)[22m[39m Re-optimizing dependencies because vite config has changed
[1] [0] [2m오전 3:14:15[22m [36m[1m[vite][22m[39m [34m[2m(ssr)[22m[39m Re-optimizing dependencies because vite config has changed
[1] [0] 
[1] [0]   [32m[1mVITE[22m v8.1.5[39m  [2mready in [0m[1m1179[22m[2m[0m ms[22m
[1] [0] 
[1] [0]   [32m➜[39m  [1mLocal[22m:   [36mhttp://localhost:[1m5173[22m/[39m
[1] [0] [2m  [32m➜[39m  [1mNetwork[22m[2m: use [22m[1m--host[22m[2m to expose[22m
[0] [1] youtube summary fetch failed: TypeError: Cannot read properties of null (reading 'videos')
[0] [1]     at C:\codespace\stelinfo\backend\dist\youtube.js:134:33
[0] [1]     at Generator.next (<anonymous>)
[0] [1]     at fulfilled (C:\codespace\stelinfo\backend\dist\youtube.js:5:58)
[0] [1]     at process.processTicksAndRejections (node:internal/process/task_queues:103:5)
[0] [1] [32m[nodemon] restarting due to changes...[39m
[0] [1] [32m[nodemon] restarting due to changes...[39m
[0] [1] [32m[nodemon] starting `node dist/index.js`[39m
[0] [0] [2J[3J[H오전 3:18:04 - File change detected. Starting incremental compilation...
[0] [0] 
[0] [1] node:internal/modules/cjs/loader:1424
[0] [1]   throw err;
[0] [1]   ^
[0] [1] 
[0] [1] Error: Cannot find module 'youtube-sr'
[0] [1] Require stack:
[0] [1] - C:\codespace\stelinfo\backend\dist\youtube.js
[0] [1] - C:\codespace\stelinfo\backend\dist\index.js
[0] [1]     at Module._resolveFilename (node:internal/modules/cjs/loader:1421:15)
[0] [1]     at defaultResolveImpl (node:internal/modules/cjs/loader:1059:19)
[0] [1]     at resolveForCJSWithHooks (node:internal/modules/cjs/loader:1064:22)
[0] [1]     at Module._load (node:internal/modules/cjs/loader:1227:37)
[0] [1]     at TracingChannel.traceSync (node:diagnostics_channel:328:14)
[0] [1]     at wrapModuleLoad (node:internal/modules/cjs/loader:245:24)
[0] [1]     at Module.require (node:internal/modules/cjs/loader:1504:12)
[0] [1]     at require (node:internal/modules/helpers:152:16)
[0] [1]     at Object.<anonymous> (C:\codespace\stelinfo\backend\dist\youtube.js:17:38)
[0] [1]     at Module._compile (node:internal/modules/cjs/loader:1761:14) {
[0] [1]   code: 'MODULE_NOT_FOUND',
[0] [1]   requireStack: [
[0] [1]     'C:\\codespace\\stelinfo\\backend\\dist\\youtube.js',
[0] [1]     'C:\\codespace\\stelinfo\\backend\\dist\\index.js'
[0] [1]   ]
[0] [1] }
[0] [1] 
[0] [1] Node.js v24.11.1
[0] [1] [31m[nodemon] app crashed - waiting for file changes before starting...[39m
[0] [1] [32m[nodemon] restarting due to changes...[39m
[0] [1] [32m[nodemon] starting `node dist/index.js`[39m
[0] [0] src/youtube.ts(1,37): error TS2307: Cannot find module 'youtube-sr' or its corresponding type declarations.
[0] [1] [32m[nodemon] restarting due to changes...[39m
[0] [0] 
[0] [0] 오전 3:18:04 - Found 1 error. Watching for file changes.
[0] [1] [32m[nodemon] starting `node dist/index.js`[39m
[0] [1] node:internal/modules/cjs/loader:1424
[0] [1]   throw err;
[0] [1]   ^
[0] [1] 
[0] [1] Error: Cannot find module 'youtube-sr'
[0] [1] Require stack:
[0] [1] - C:\codespace\stelinfo\backend\dist\youtube.js
[0] [1] - C:\codespace\stelinfo\backend\dist\index.js
[0] [1]     at Module._resolveFilename (node:internal/modules/cjs/loader:1421:15)
[0] [1]     at defaultResolveImpl (node:internal/modules/cjs/loader:1059:19)
[0] [1]     at resolveForCJSWithHooks (node:internal/modules/cjs/loader:1064:22)
[0] [1]     at Module._load (node:internal/modules/cjs/loader:1227:37)
[0] [1]     at TracingChannel.traceSync (node:diagnostics_channel:328:14)
[0] [1]     at wrapModuleLoad (node:internal/modules/cjs/loader:245:24)
[0] [1]     at Module.require (node:internal/modules/cjs/loader:1504:12)
[0] [1]     at require (node:internal/modules/helpers:152:16)
[0] [1]     at Object.<anonymous> (C:\codespace\stelinfo\backend\dist\youtube.js:17:38)
[0] [1]     at Module._compile (node:internal/modules/cjs/loader:1761:14) {
[0] [1]   code: 'MODULE_NOT_FOUND',
[0] [1]   requireStack: [
[0] [1]     'C:\\codespace\\stelinfo\\backend\\dist\\youtube.js',
[0] [1]     'C:\\codespace\\stelinfo\\backend\\dist\\index.js'
[0] [1]   ]
[0] [1] }
[0] [1] 
[0] [1] Node.js v24.11.1
[0] [1] [31m[nodemon] app crashed - waiting for file changes before starting...[39m
[0] [0] [2J[3J[H오전 3:18:44 - File change detected. Starting incremental compilation...
[0] [0] 
[0] [1] [32m[nodemon] restarting due to changes...[39m
[0] [1] [32m[nodemon] starting `node dist/index.js`[39m
[0] [0] 
[0] [0] 오전 3:18:45 - Found 0 errors. Watching for file changes.
[0] [1] [32m[nodemon] restarting due to changes...[39m
[0] [1] [32m[nodemon] starting `node dist/index.js`[39m
[0] [1] C:\codespace\stelinfo\backend\dist\youtube.js:16
[0] [1]     throw new Error("Missing youtube_api_key in backend/.env");
[0] [1]     ^
[0] [1] 
[0] [1] Error: Missing youtube_api_key in backend/.env
[0] [1]     at Object.<anonymous> (C:\codespace\stelinfo\backend\dist\youtube.js:16:11)
[0] [1]     at Module._compile (node:internal/modules/cjs/loader:1761:14)
[0] [1]     at Object..js (node:internal/modules/cjs/loader:1893:10)
[0] [1]     at Module.load (node:internal/modules/cjs/loader:1481:32)
[0] [1]     at Module._load (node:internal/modules/cjs/loader:1300:12)
[0] [1]     at TracingChannel.traceSync (node:diagnostics_channel:328:14)
[0] [1]     at wrapModuleLoad (node:internal/modules/cjs/loader:245:24)
[0] [1]     at Module.require (node:internal/modules/cjs/loader:1504:12)
[0] [1]     at require (node:internal/modules/helpers:152:16)
[0] [1]     at Object.<anonymous> (C:\codespace\stelinfo\backend\dist\index.js:21:19)
[0] [1] 
[0] [1] Node.js v24.11.1
[0] [1] [31m[nodemon] app crashed - waiting for file changes before starting...[39m
[0] [0] [2J[3J[H오전 3:19:27 - File change detected. Starting incremental compilation...
[0] [0] 
[0] [0] 
[0] [0] 오전 3:19:27 - Found 0 errors. Watching for file changes.
[0] [1] [32m[nodemon] restarting due to changes...[39m
[0] [1] [32m[nodemon] starting `node dist/index.js`[39m
[0] [1] Server is running on http://localhost:3000
[0] [0] [2J[3J[H오전 3:19:49 - File change detected. Starting incremental compilation...
[0] [0] 
[0] [0] 
[0] [0] 오전 3:19:50 - Found 0 errors. Watching for file changes.
[0] [1] [32m[nodemon] restarting due to changes...[39m
[0] [1] [32m[nodemon] starting `node dist/index.js`[39m
[0] [1] Server is running on http://localhost:3000
[0] [1] playlistItems fetch failed for PLcNhHeUzY-uhGYqnZr8YLkEfxnPOW_QNz: Error: Missing youtube_api_key in backend/.env
[0] [1]     at C:\codespace\stelinfo\backend\dist\youtube.js:79:19
[0] [1]     at Generator.next (<anonymous>)
[0] [1]     at C:\codespace\stelinfo\backend\dist\youtube.js:8:71
[0] [1]     at new Promise (<anonymous>)
[0] [1]     at __awaiter (C:\codespace\stelinfo\backend\dist\youtube.js:4:12)
[0] [1]     at youtubeApiGet (C:\codespace\stelinfo\backend\dist\youtube.js:77:12)
[0] [1]     at C:\codespace\stelinfo\backend\dist\youtube.js:115:26
[0] [1]     at Generator.next (<anonymous>)
[0] [1]     at C:\codespace\stelinfo\backend\dist\youtube.js:8:71
[0] [1]     at new Promise (<anonymous>)
[0] [1] youtube summary fetch failed: Error: Missing youtube_api_key in backend/.env
[0] [1]     at C:\codespace\stelinfo\backend\dist\youtube.js:79:19
[0] [1]     at Generator.next (<anonymous>)
[0] [1]     at C:\codespace\stelinfo\backend\dist\youtube.js:8:71
[0] [1]     at new Promise (<anonymous>)
[0] [1]     at __awaiter (C:\codespace\stelinfo\backend\dist\youtube.js:4:12)
[0] [1]     at youtubeApiGet (C:\codespace\stelinfo\backend\dist\youtube.js:77:12)
[0] [1]     at C:\codespace\stelinfo\backend\dist\youtube.js:102:28
[0] [1]     at Generator.next (<anonymous>)
[0] [1]     at C:\codespace\stelinfo\backend\dist\youtube.js:8:71
[0] [1]     at new Promise (<anonymous>)
[0] [1] playlistItems fetch failed for PLcNhHeUzY-uhGYqnZr8YLkEfxnPOW_QNz: Error: Missing youtube_api_key in backend/.env
[0] [1]     at C:\codespace\stelinfo\backend\dist\youtube.js:79:19
[0] [1]     at Generator.next (<anonymous>)
[0] [1]     at C:\codespace\stelinfo\backend\dist\youtube.js:8:71
[0] [1]     at new Promise (<anonymous>)
[0] [1]     at __awaiter (C:\codespace\stelinfo\backend\dist\youtube.js:4:12)
[0] [1]     at youtubeApiGet (C:\codespace\stelinfo\backend\dist\youtube.js:77:12)
[0] [1]     at C:\codespace\stelinfo\backend\dist\youtube.js:115:26
[0] [1]     at Generator.next (<anonymous>)
[0] [1]     at C:\codespace\stelinfo\backend\dist\youtube.js:8:71
[0] [1]     at new Promise (<anonymous>)
[0] [1] youtube summary fetch failed: Error: Missing youtube_api_key in backend/.env
[0] [1]     at C:\codespace\stelinfo\backend\dist\youtube.js:79:19
[0] [1]     at Generator.next (<anonymous>)
[0] [1]     at C:\codespace\stelinfo\backend\dist\youtube.js:8:71
[0] [1]     at new Promise (<anonymous>)
[0] [1]     at __awaiter (C:\codespace\stelinfo\backend\dist\youtube.js:4:12)
[0] [1]     at youtubeApiGet (C:\codespace\stelinfo\backend\dist\youtube.js:77:12)
[0] [1]     at C:\codespace\stelinfo\backend\dist\youtube.js:102:28
[0] [1]     at Generator.next (<anonymous>)
[0] [1]     at C:\codespace\stelinfo\backend\dist\youtube.js:8:71
[0] [1]     at new Promise (<anonymous>)
