
> stelinfo@1.0.0 start
> concurrently "npm run start:backend" "npm run start:frontend"

[0] 
[0] > stelinfo@1.0.0 start:backend
[0] > concurrently "cd backend && tsc -w" "cd backend && nodemon dist/index.js"
[0] 
[1] 
[1] > stelinfo@1.0.0 start:frontend
[1] > concurrently "cd frontend && npm run dev"
[1] 
[0] [0] [2J[3J[H오전 6:44:11 - Starting compilation in watch mode...
[0] [0] 
[1] [0] 
[1] [0] > frontend@0.0.1 dev
[1] [0] > vite dev
[1] [0] 
[0] [1] [33m[nodemon] 3.1.11[39m
[0] [1] [33m[nodemon] to restart at any time, enter `rs`[39m
[0] [1] [33m[nodemon] watching path(s): *.*[39m
[0] [1] [33m[nodemon] watching extensions: js,mjs,cjs,json[39m
[0] [1] [32m[nodemon] starting `node dist/index.js`[39m
[0] [1] [32m[nodemon] restarting due to changes...[39m
[0] [1] [32m[nodemon] restarting due to changes...[39m
[0] [1] [32m[nodemon] restarting due to changes...[39m
[0] [0] 
[0] [0] 오전 6:44:12 - Found 0 errors. Watching for file changes.
[0] [1] [32m[nodemon] restarting due to changes...[39m
[0] [1] [32m[nodemon] starting `node dist/index.js`[39m
[0] [1] Server is running on http://localhost:3000
[1] [0] 
[1] [0]   [32m[1mVITE[22m v8.1.5[39m  [2mready in [0m[1m1623[22m[2m[0m ms[22m
[1] [0] 
[1] [0]   [32m➜[39m  [1mLocal[22m:   [36mhttp://localhost:[1m5173[22m/[39m
[1] [0] [2m  [32m➜[39m  [1mNetwork[22m[2m: use [22m[1m--host[22m[2m to expose[22m
