
> stelinfo@1.0.0 start
> concurrently "npm run start:backend" "npm run start:frontend"

[0] 
[0] > stelinfo@1.0.0 start:backend
[0] > concurrently "cd backend && tsc -w" "cd backend && nodemon dist/index.js"
[0] 
[1] 
[1] > stelinfo@1.0.0 start:frontend
[1] > concurrently "cd frontend && npm run dev"
[1] 
[0] [0] [2J[3J[H오전 4:01:14 - Starting compilation in watch mode...
[0] [0] 
[0] [1] [33m[nodemon] 3.1.11[39m
[0] [1] [33m[nodemon] to restart at any time, enter `rs`[39m
[0] [1] [33m[nodemon] watching path(s): *.*[39m
[0] [1] [33m[nodemon] watching extensions: js,mjs,cjs,json[39m
[0] [1] [32m[nodemon] starting `node dist/index.js`[39m
[1] [0] 
[1] [0] > frontend@0.0.1 dev
[1] [0] > vite dev
[1] [0] 
[0] [1] Server is running on http://localhost:3000
[0] [1] [32m[nodemon] restarting due to changes...[39m
[0] [1] [32m[nodemon] restarting due to changes...[39m
[0] [0] 
[0] [0] 오전 4:01:15 - Found 0 errors. Watching for file changes.
[0] [1] [32m[nodemon] restarting due to changes...[39m
[0] [1] [32m[nodemon] restarting due to changes...[39m
[0] [1] [32m[nodemon] starting `node dist/index.js`[39m
[1] [0] 
[1] [0]   [32m[1mVITE[22m v8.1.5[39m  [2mready in [0m[1m881[22m[2m[0m ms[22m
[1] [0] 
[1] [0]   [32m➜[39m  [1mLocal[22m:   [36mhttp://localhost:[1m5173[22m/[39m
[1] [0] [2m  [32m➜[39m  [1mNetwork[22m[2m: use [22m[1m--host[22m[2m to expose[22m
[0] [1] Server is running on http://localhost:3000
[0] [1] [32m[nodemon] restarting due to changes...[39m
[0] [1] [32m[nodemon] starting `node dist/index.js`[39m
[0] [1] Server is running on http://localhost:3000
[0] [1] [32m[nodemon] restarting due to changes...[39m
[0] [1] [32m[nodemon] starting `node dist/index.js`[39m
[0] [1] Server is running on http://localhost:3000
[0] [0] [2J[3J[H오전 4:09:00 - File change detected. Starting incremental compilation...
[0] [0] 
[0] [1] [32m[nodemon] restarting due to changes...[39m
[0] [0] src/streamerInfo.ts(40,9): error TS2322: Type 'number' is not assignable to type 'string'.
[0] [0] src/streamerInfo.ts(51,9): error TS2322: Type 'number' is not assignable to type 'string'.
[0] [0] src/streamerInfo.ts(62,9): error TS2322: Type 'number' is not assignable to type 'string'.
[0] [0] src/streamerInfo.ts(73,9): error TS2322: Type 'number' is not assignable to type 'string'.
[0] [0] src/streamerInfo.ts(84,9): error TS2322: Type 'number' is not assignable to type 'string'.
[0] [0] src/streamerInfo.ts(95,9): error TS2322: Type 'number' is not assignable to type 'string'.
[0] [0] src/streamerInfo.ts(106,9): error TS2322: Type 'number' is not assignable to type 'string'.
[0] [0] src/streamerInfo.ts(117,9): error TS2322: Type 'number' is not assignable to type 'string'.
[0] [0] src/streamerInfo.ts(128,9): error TS2322: Type 'number' is not assignable to type 'string'.
[0] [0] src/streamerInfo.ts(139,9): error TS2322: Type 'number' is not assignable to type 'string'.
[0] [0] 
[0] [0] 오전 4:09:00 - Found 10 errors. Watching for file changes.
[0] [1] [32m[nodemon] restarting due to changes...[39m
[0] [1] [32m[nodemon] starting `node dist/index.js`[39m
[0] [1] Server is running on http://localhost:3000
[0] [0] [2J[3J[H오전 4:09:01 - File change detected. Starting incremental compilation...
[0] [0] 
[0] [0] src/streamerInfo.ts(40,9): error TS2322: Type 'number' is not assignable to type 'string'.
[0] [0] src/streamerInfo.ts(51,9): error TS2322: Type 'number' is not assignable to type 'string'.
[0] [0] src/streamerInfo.ts(62,9): error TS2322: Type 'number' is not assignable to type 'string'.
[0] [0] src/streamerInfo.ts(73,9): error TS2322: Type 'number' is not assignable to type 'string'.
[0] [0] src/streamerInfo.ts(84,9): error TS2322: Type 'number' is not assignable to type 'string'.
[0] [0] src/streamerInfo.ts(95,9): error TS2322: Type 'number' is not assignable to type 'string'.
[0] [0] src/streamerInfo.ts(106,9): error TS2322: Type 'number' is not assignable to type 'string'.
[0] [0] src/streamerInfo.ts(117,9): error TS2322: Type 'number' is not assignable to type 'string'.
[0] [0] src/streamerInfo.ts(128,9): error TS2322: Type 'number' is not assignable to type 'string'.
[0] [0] src/streamerInfo.ts(139,9): error TS2322: Type 'number' is not assignable to type 'string'.
[0] [0] 
[0] [0] 오전 4:09:01 - Found 10 errors. Watching for file changes.
[0] [0] [2J[3J[H오전 4:09:01 - File change detected. Starting incremental compilation...
[0] [0] 
[0] [0] src/streamerInfo.ts(40,9): error TS2322: Type 'number' is not assignable to type 'string'.
[0] [0] src/streamerInfo.ts(51,9): error TS2322: Type 'number' is not assignable to type 'string'.
[0] [0] src/streamerInfo.ts(62,9): error TS2322: Type 'number' is not assignable to type 'string'.
[0] [0] src/streamerInfo.ts(73,9): error TS2322: Type 'number' is not assignable to type 'string'.
[0] [0] src/streamerInfo.ts(84,9): error TS2322: Type 'number' is not assignable to type 'string'.
[0] [0] src/streamerInfo.ts(95,9): error TS2322: Type 'number' is not assignable to type 'string'.
[0] [0] src/streamerInfo.ts(106,9): error TS2322: Type 'number' is not assignable to type 'string'.
[0] [0] src/streamerInfo.ts(117,9): error TS2322: Type 'number' is not assignable to type 'string'.
[0] [0] src/streamerInfo.ts(128,9): error TS2322: Type 'number' is not assignable to type 'string'.
[0] [0] src/streamerInfo.ts(139,9): error TS2322: Type 'number' is not assignable to type 'string'.
[0] [0] 
[0] [0] 오전 4:09:01 - Found 10 errors. Watching for file changes.
[0] [0] [2J[3J[H오전 4:10:12 - File change detected. Starting incremental compilation...
[0] [0] 
[0] [0] 
[0] [0] 오전 4:10:12 - Found 0 errors. Watching for file changes.
[0] [1] [32m[nodemon] restarting due to changes...[39m
[0] [1] [32m[nodemon] starting `node dist/index.js`[39m
[0] [1] Server is running on http://localhost:3000
[1] [0] [2m오전 4:11:07[22m [36m[1m[vite][22m[39m [34m[2m(ssr)[22m[39m [32mpage reload [39m[2msrc/lib/components/InfoDetail.svelte[22m
[1] [0] [2m오전 4:12:29[22m [36m[1m[vite][22m[39m [90m[2m(client)[22m[39m [32mhmr update [39m[2m/src/lib/components/InfoDetail.svelte[22m
[1] [0] [2m오전 4:12:29[22m [36m[1m[vite][22m[39m [34m[2m(ssr)[22m[39m [32mpage reload [39m[2msrc/lib/components/InfoDetail.svelte[22m
[1] [0] [2m오전 4:12:37[22m [36m[1m[vite][22m[39m [90m[2m(client)[22m[39m [32mhmr update [39m[2m/src/lib/components/InfoDetail.svelte[22m
[1] [0] [2m오전 4:12:37[22m [36m[1m[vite][22m[39m [34m[2m(ssr)[22m[39m [32mpage reload [39m[2msrc/lib/components/InfoDetail.svelte[22m
[1] [0] [2m오전 4:13:17[22m [36m[1m[vite][22m[39m [90m[2m(client)[22m[39m [32mhmr update [39m[2m/src/lib/components/InfoDetail.svelte[22m
[1] [0] [2m오전 4:13:17[22m [36m[1m[vite][22m[39m [34m[2m(ssr)[22m[39m [32mpage reload [39m[2msrc/lib/components/InfoDetail.svelte[22m
[1] [0] [2m오전 4:13:33[22m [36m[1m[vite][22m[39m [90m[2m(client)[22m[39m [32mhmr update [39m[2m/src/lib/components/InfoDetail.svelte?svelte&type=style&lang.css[22m
[1] [0] [2m오전 4:13:33[22m [36m[1m[vite][22m[39m [34m[2m(ssr)[22m[39m [32mpage reload [39m[2msrc/lib/components/InfoDetail.svelte[22m
[1] [0] [2m오전 4:13:38[22m [36m[1m[vite][22m[39m [90m[2m(client)[22m[39m [32mhmr update [39m[2m/src/lib/components/InfoDetail.svelte, /src/lib/components/InfoDetail.svelte?svelte&type=style&lang.css[22m
[1] [0] [2m오전 4:13:38[22m [36m[1m[vite][22m[39m [34m[2m(ssr)[22m[39m [32mpage reload [39m[2msrc/lib/components/InfoDetail.svelte[22m
[1] [0] [2m오전 4:14:15[22m [36m[1m[vite][22m[39m [90m[2m(client)[22m[39m [32mhmr update [39m[2m/src/lib/components/InfoDetail.svelte?svelte&type=style&lang.css[22m
[1] [0] [2m오전 4:14:15[22m [36m[1m[vite][22m[39m [34m[2m(ssr)[22m[39m [32mpage reload [39m[2msrc/lib/components/InfoDetail.svelte[22m
[1] [0] [2m오전 4:14:17[22m [36m[1m[vite][22m[39m [90m[2m(client)[22m[39m [32mhmr update [39m[2m/src/lib/components/InfoDetail.svelte?svelte&type=style&lang.css[22m
[1] [0] [2m오전 4:14:17[22m [36m[1m[vite][22m[39m [34m[2m(ssr)[22m[39m [32mpage reload [39m[2msrc/lib/components/InfoDetail.svelte[22m
[1] [0] [2m오전 4:14:59[22m [36m[1m[vite][22m[39m [90m[2m(client)[22m[39m [32mhmr update [39m[2m/src/lib/components/InfoDetail.svelte?svelte&type=style&lang.css[22m
[1] [0] [2m오전 4:14:59[22m [36m[1m[vite][22m[39m [34m[2m(ssr)[22m[39m [32mpage reload [39m[2msrc/lib/components/InfoDetail.svelte[22m
[1] [0] [2m오전 4:15:08[22m [36m[1m[vite][22m[39m [90m[2m(client)[22m[39m [32mhmr update [39m[2m/src/lib/components/InfoDetail.svelte?svelte&type=style&lang.css[22m
[1] [0] [2m오전 4:15:08[22m [36m[1m[vite][22m[39m [34m[2m(ssr)[22m[39m [32mpage reload [39m[2msrc/lib/components/InfoDetail.svelte[22m
[1] [0] [2m오전 4:15:18[22m [36m[1m[vite][22m[39m [90m[2m(client)[22m[39m [32mhmr update [39m[2m/src/lib/components/InfoDetail.svelte?svelte&type=style&lang.css[22m
[1] [0] [2m오전 4:15:18[22m [36m[1m[vite][22m[39m [34m[2m(ssr)[22m[39m [32mpage reload [39m[2msrc/lib/components/InfoDetail.svelte[22m
[1] [0] [2m오전 4:15:33[22m [36m[1m[vite][22m[39m [90m[2m(client)[22m[39m [32mhmr update [39m[2m/src/lib/components/InfoDetail.svelte?svelte&type=style&lang.css[22m
[1] [0] [2m오전 4:15:33[22m [36m[1m[vite][22m[39m [34m[2m(ssr)[22m[39m [32mpage reload [39m[2msrc/lib/components/InfoDetail.svelte[22m
[1] [0] [2m오전 4:19:28[22m [36m[1m[vite][22m[39m [90m[2m(client)[22m[39m [32mhmr update [39m[2m/src/lib/components/InfoDetail.svelte?svelte&type=style&lang.css[22m
[1] [0] [2m오전 4:19:28[22m [36m[1m[vite][22m[39m [34m[2m(ssr)[22m[39m [32mpage reload [39m[2msrc/lib/components/InfoDetail.svelte[22m
[1] [0] [2m오전 4:19:33[22m [36m[1m[vite][22m[39m [90m[2m(client)[22m[39m [32mhmr update [39m[2m/src/lib/components/InfoDetail.svelte?svelte&type=style&lang.css[22m
[1] [0] [2m오전 4:19:33[22m [36m[1m[vite][22m[39m [34m[2m(ssr)[22m[39m [32mpage reload [39m[2msrc/lib/components/InfoDetail.svelte[22m
[1] [0] [2m오전 4:19:43[22m [36m[1m[vite][22m[39m [90m[2m(client)[22m[39m [32mhmr update [39m[2m/src/lib/components/InfoDetail.svelte?svelte&type=style&lang.css[22m
[1] [0] [2m오전 4:19:43[22m [36m[1m[vite][22m[39m [34m[2m(ssr)[22m[39m [32mpage reload [39m[2msrc/lib/components/InfoDetail.svelte[22m
[1] [0] [2m오전 4:19:47[22m [36m[1m[vite][22m[39m [90m[2m(client)[22m[39m [32mhmr update [39m[2m/src/lib/components/InfoDetail.svelte?svelte&type=style&lang.css[22m
[1] [0] [2m오전 4:19:47[22m [36m[1m[vite][22m[39m [34m[2m(ssr)[22m[39m [32mpage reload [39m[2msrc/lib/components/InfoDetail.svelte[22m
[1] [0] [2m오전 4:19:50[22m [36m[1m[vite][22m[39m [90m[2m(client)[22m[39m [32mhmr update [39m[2m/src/lib/components/InfoDetail.svelte?svelte&type=style&lang.css[22m
[1] [0] [2m오전 4:19:50[22m [36m[1m[vite][22m[39m [34m[2m(ssr)[22m[39m [32mpage reload [39m[2msrc/lib/components/InfoDetail.svelte[22m
[1] [0] [2m오전 4:19:52[22m [36m[1m[vite][22m[39m [90m[2m(client)[22m[39m [32mhmr update [39m[2m/src/lib/components/InfoDetail.svelte?svelte&type=style&lang.css[22m
[1] [0] [2m오전 4:19:52[22m [36m[1m[vite][22m[39m [34m[2m(ssr)[22m[39m [32mpage reload [39m[2msrc/lib/components/InfoDetail.svelte[22m
[1] [0] [2m오전 4:23:33[22m [36m[1m[vite][22m[39m [90m[2m(client)[22m[39m [32mhmr update [39m[2m/src/lib/components/LoginScreen.svelte?svelte&type=style&lang.css[22m
[1] [0] [2m오전 4:23:33[22m [36m[1m[vite][22m[39m [34m[2m(ssr)[22m[39m [32mpage reload [39m[2msrc/lib/components/LoginScreen.svelte[22m
[1] [0] [2m오전 4:24:03[22m [36m[1m[vite][22m[39m [90m[2m(client)[22m[39m [32mhmr update [39m[2m/src/lib/components/LoginScreen.svelte, /src/lib/components/LoginScreen.svelte?svelte&type=style&lang.css[22m
[1] [0] [2m오전 4:24:03[22m [36m[1m[vite][22m[39m [34m[2m(ssr)[22m[39m [32mpage reload [39m[2msrc/lib/components/LoginScreen.svelte[22m
[0] [0] [2J[3J[H오전 4:24:08 - File change detected. Starting incremental compilation...
[0] [0] 
[0] [0] 
[0] [0] 오전 4:24:08 - Found 0 errors. Watching for file changes.
[0] [0] [2J[3J[H오전 4:32:33 - File change detected. Starting incremental compilation...
[0] [0] 
[0] [0] 
[0] [0] 오전 4:32:33 - Found 0 errors. Watching for file changes.
[0] [1] [32m[nodemon] restarting due to changes...[39m
[0] [1] [32m[nodemon] starting `node dist/index.js`[39m
[0] [1] Server is running on http://localhost:3000
[0] [0] [2J[3J[H오전 4:32:36 - File change detected. Starting incremental compilation...
[0] [0] 
[0] [0] 
[0] [0] 오전 4:32:36 - Found 0 errors. Watching for file changes.
[0] [1] [32m[nodemon] restarting due to changes...[39m
[0] [1] [32m[nodemon] starting `node dist/index.js`[39m
[0] [1] Server is running on http://localhost:3000
[0] [1] [32m[nodemon] restarting due to changes...[39m
[0] [1] [32m[nodemon] restarting due to changes...[39m
[0] [1] [32m[nodemon] restarting due to changes...[39m
[0] [0] [2J[3J[H오전 4:51:08 - File change detected. Starting incremental compilation...
[0] [0] 
[0] [1] [32m[nodemon] restarting due to changes...[39m
[0] [1] [32m[nodemon] starting `node dist/index.js`[39m
[0] [0] 
[0] [0] 오전 4:51:08 - Found 0 errors. Watching for file changes.
[0] [1] Server is running on http://localhost:3000
[0] [1] [32m[nodemon] clean exit - waiting for changes before restart[39m
[0] [0] [2J[3J[H오전 4:58:45 - File change detected. Starting incremental compilation...
[0] [0] 
[0] [0] 
[0] [0] 오전 4:58:45 - Found 0 errors. Watching for file changes.
[0] [1] [32m[nodemon] restarting due to changes...[39m
[0] [1] [32m[nodemon] starting `node dist/index.js`[39m
[0] [1] Server is running on http://localhost:3000
[0] [0] [2J[3J[H오전 4:58:46 - File change detected. Starting incremental compilation...
[0] [0] 
[0] [0] 
[0] [0] 오전 4:58:46 - Found 0 errors. Watching for file changes.
[0] [1] [32m[nodemon] restarting due to changes...[39m
[0] [1] [32m[nodemon] restarting due to changes...[39m
[0] [1] [32m[nodemon] restarting due to changes...[39m
[0] [1] [32m[nodemon] restarting due to changes...[39m
[0] [1] [32m[nodemon] starting `node dist/index.js`[39m
[0] [1] Server is running on http://localhost:3000
[0] [0] [2J[3J[H오전 4:59:37 - File change detected. Starting incremental compilation...
[0] [0] 
[0] [1] [32m[nodemon] restarting due to changes...[39m
[0] [0] 
[0] [0] 오전 4:59:37 - Found 0 errors. Watching for file changes.
[0] [1] [32m[nodemon] restarting due to changes...[39m
[0] [1] [32m[nodemon] starting `node dist/index.js`[39m
[0] [1] Server is running on http://localhost:3000
[0] [0] [2J[3J[H오전 5:00:32 - File change detected. Starting incremental compilation...
[0] [0] 
[0] [0] 
[0] [0] 오전 5:00:32 - Found 0 errors. Watching for file changes.
[0] [1] [32m[nodemon] restarting due to changes...[39m
[0] [1] [32m[nodemon] starting `node dist/index.js`[39m
[0] [1] Server is running on http://localhost:3000
[0] [1] [32m[nodemon] clean exit - waiting for changes before restart[39m
[0] [0] [2J[3J[H오전 5:02:55 - File change detected. Starting incremental compilation...
[0] [0] 
[0] [0] 
[0] [0] 오전 5:02:55 - Found 0 errors. Watching for file changes.
[0] [1] [32m[nodemon] restarting due to changes...[39m
[0] [1] [32m[nodemon] starting `node dist/index.js`[39m
[0] [1] Server is running on http://localhost:3000
