
> stelinfo@1.0.0 start
> concurrently "npm run start:backend" "npm run start:frontend"

[1] 
[1] > stelinfo@1.0.0 start:frontend
[1] > concurrently "cd frontend && npm run dev"
[1] 
[0] 
[0] > stelinfo@1.0.0 start:backend
[0] > concurrently "cd backend && tsc -w" "cd backend && nodemon dist/index.js"
[0] 
[0] [0] [2J[3J[H오전 6:57:49 - Starting compilation in watch mode...
[0] [0] 
[0] [1] [33m[nodemon] 3.1.11[39m
[0] [1] [33m[nodemon] to restart at any time, enter `rs`[39m
[0] [1] [33m[nodemon] watching path(s): *.*[39m
[0] [1] [33m[nodemon] watching extensions: js,mjs,cjs,json[39m
[0] [1] [32m[nodemon] starting `node dist/index.js`[39m
[1] [0] 
[1] [0] > frontend@0.0.1 dev
[1] [0] > vite dev
[1] [0] 
[0] [1] Server is running on http://localhost:3000
[0] [0] 
[0] [0] 오전 6:57:49 - Found 0 errors. Watching for file changes.
[0] [1] [32m[nodemon] restarting due to changes...[39m
[0] [1] [32m[nodemon] starting `node dist/index.js`[39m
[0] [1] Server is running on http://localhost:3000
[1] [0] 
[1] [0]   [32m[1mVITE[22m v8.1.5[39m  [2mready in [0m[1m928[22m[2m[0m ms[22m
[1] [0] 
[1] [0]   [32m➜[39m  [1mLocal[22m:   [36mhttp://localhost:[1m5173[22m/[39m
[1] [0] [2m  [32m➜[39m  [1mNetwork[22m[2m: use [22m[1m--host[22m[2m to expose[22m
[0] [1] chzzk oauth callback failed: Error: user info fetch failed: 401 {"code":401,"message":"INVALID_TOKEN"}
[0] [1]     at C:\codespace\stelinfo\backend\dist\index.js:82:19
[0] [1]     at Generator.next (<anonymous>)
[0] [1]     at fulfilled (C:\codespace\stelinfo\backend\dist\index.js:5:58)
[0] [1]     at process.processTicksAndRejections (node:internal/process/task_queues:103:5)
[0] [1] chzzk oauth callback failed: Error: user info fetch failed: 401 {"code":401,"message":"INVALID_TOKEN"}
[0] [1]     at C:\codespace\stelinfo\backend\dist\index.js:82:19
[0] [1]     at Generator.next (<anonymous>)
[0] [1]     at fulfilled (C:\codespace\stelinfo\backend\dist\index.js:5:58)
[0] [1]     at process.processTicksAndRejections (node:internal/process/task_queues:103:5)
[0] [0] [2J[3J[H오전 7:02:26 - File change detected. Starting incremental compilation...
[0] [0] 
[0] [0] 
[0] [0] 오전 7:02:26 - Found 0 errors. Watching for file changes.
[0] [1] [32m[nodemon] restarting due to changes...[39m
[0] [1] [32m[nodemon] starting `node dist/index.js`[39m
[0] [1] Server is running on http://localhost:3000
[0] [1] [32m[nodemon] restarting due to changes...[39m
[0] [1] [32m[nodemon] starting `node dist/index.js`[39m
[0] [1] Server is running on http://localhost:3000
[1] [0] [2m오전 7:04:05[22m [36m[1m[vite][22m[39m [90m[2m(client)[22m[39m [32mpage reload [39m[2m.svelte-kit/generated/client/nodes/0.js[22m
[1] [0] [2m오전 7:04:05[22m [36m[1m[vite][22m[39m [90m[2m(client)[22m[39m [32mpage reload [39m[2m.svelte-kit/generated/client/nodes/1.js[22m
[1] [0] [2m오전 7:04:05[22m [36m[1m[vite][22m[39m [90m[2m(client)[22m[39m [32mpage reload [39m[2m.svelte-kit/generated/client/app.js[22m
[1] [0] [2m오전 7:04:05[22m [36m[1m[vite][22m[39m [90m[2m(client)[22m[39m [32mpage reload [39m[2m.svelte-kit/generated/client/nodes/2.js[22m
[1] [0] [2m오전 7:04:05[22m [36m[1m[vite][22m[39m [34m[2m(ssr)[22m[39m [32mpage reload [39m[2m.svelte-kit/generated/shared/error-template.js[22m
[1] [0] [2m오전 7:04:05[22m [36m[1m[vite][22m[39m [34m[2m(ssr)[22m[39m [32mpage reload [39m[2m.svelte-kit/generated/server/internal.js[22m
[1] [0] [2m오전 7:04:05[22m [36m[1m[vite][22m[39m [90m[2m(client)[22m[39m [32mpage reload [39m[2m.svelte-kit/generated/client/matchers.js[22m
[1] [0] [2m오전 7:04:05[22m [36m[1m[vite][22m[39m [90m[2m(client)[22m[39m [32mpage reload [39m[2m.svelte-kit/generated/root.js[22m
[1] [0] [2m오전 7:04:05[22m [36m[1m[vite][22m[39m [34m[2m(ssr)[22m[39m [32mpage reload [39m[2m.svelte-kit/generated/root.js[22m
[1] [0] [2m오전 7:04:05[22m [36m[1m[vite][22m[39m [34m[2m(ssr)[22m[39m [32mpage reload [39m[2m.svelte-kit/generated/root.svelte[22m
[1] [0] [2m오전 7:05:35[22m [36m[1m[vite][22m[39m [90m[2m(client)[22m[39m [32mhmr update [39m[2m/src/lib/components/LoginScreen.svelte[22m
[1] [0] [2m오전 7:05:35[22m [36m[1m[vite][22m[39m [34m[2m(ssr)[22m[39m [32mpage reload [39m[2msrc/lib/components/LoginScreen.svelte[22m
[1] [0] [2m오전 7:05:59[22m [36m[1m[vite][22m[39m [34m[2m(ssr)[22m[39m [32mpage reload [39m[2msrc/lib/components/LoginScreen.svelte[22m
[0] [0] [2J[3J[H오전 7:55:54 - File change detected. Starting incremental compilation...
[0] [0] 
[0] [0] 
[0] [0] 오전 7:55:54 - Found 0 errors. Watching for file changes.
[0] [1] [32m[nodemon] restarting due to changes...[39m
[0] [1] [32m[nodemon] starting `node dist/index.js`[39m
[0] [1] Server is running on http://localhost:3000
[0] [0] [2J[3J[H오전 7:55:54 - File change detected. Starting incremental compilation...
[0] [0] 
[0] [0] 
[0] [0] 오전 7:55:55 - Found 0 errors. Watching for file changes.
[0] [0] [2J[3J[H오전 7:55:55 - File change detected. Starting incremental compilation...
[0] [0] 
[0] [0] 
[0] [0] 오전 7:55:55 - Found 0 errors. Watching for file changes.
[0] [1] TypeError: fetch failed
[0] [1]     at node:internal/deps/undici/undici:15845:13
[0] [1] [32m[nodemon] restarting due to changes...[39m
[0] [0] [2J[3J[H오전 7:58:32 - File change detected. Starting incremental compilation...
[0] [0] 
[0] [1] [32m[nodemon] starting `node dist/index.js`[39m
[0] [1] Server is running on http://localhost:3000
[0] [0] 
[0] [0] 오전 7:58:33 - Found 0 errors. Watching for file changes.
[0] [1] [32m[nodemon] clean exit - waiting for changes before restart[39m
[1] [0] [2m오전 7:58:33[22m [36m[1m[vite][22m[39m [90m[2m(client)[22m[39m [32mpage reload [39m[2m.svelte-kit/generated/client/nodes/0.js[22m
[1] [0] [2m오전 7:58:33[22m [36m[1m[vite][22m[39m [90m[2m(client)[22m[39m [32mpage reload [39m[2m.svelte-kit/generated/client/nodes/1.js[22m
[1] [0] [2m오전 7:58:33[22m [36m[1m[vite][22m[39m [90m[2m(client)[22m[39m [32mpage reload [39m[2m.svelte-kit/generated/client/nodes/2.js[22m
[1] [0] [2m오전 7:58:33[22m [36m[1m[vite][22m[39m [90m[2m(client)[22m[39m [32mpage reload [39m[2m.svelte-kit/generated/client/app.js[22m
[1] [0] [2m오전 7:58:33[22m [36m[1m[vite][22m[39m [34m[2m(ssr)[22m[39m [32mpage reload [39m[2m.svelte-kit/generated/shared/error-template.js[22m
[1] [0] [2m오전 7:58:33[22m [36m[1m[vite][22m[39m [90m[2m(client)[22m[39m [32mpage reload [39m[2m.svelte-kit/generated/client/matchers.js[22m
[1] [0] [2m오전 7:58:33[22m [36m[1m[vite][22m[39m [34m[2m(ssr)[22m[39m [32mpage reload [39m[2m.svelte-kit/generated/server/internal.js[22m
[1] [0] [2m오전 7:58:33[22m [36m[1m[vite][22m[39m [90m[2m(client)[22m[39m [32mpage reload [39m[2m.svelte-kit/generated/root.js[22m
[1] [0] [2m오전 7:58:33[22m [36m[1m[vite][22m[39m [34m[2m(ssr)[22m[39m [32mpage reload [39m[2m.svelte-kit/generated/root.js[22m
[1] [0] [2m오전 7:58:33[22m [36m[1m[vite][22m[39m [34m[2m(ssr)[22m[39m [32mpage reload [39m[2m.svelte-kit/generated/root.svelte[22m
[1] [0] [2m오전 8:00:40[22m [36m[1m[vite][22m[39m [90m[2m(client)[22m[39m [32mpage reload [39m[2m.svelte-kit/generated/client/nodes/0.js[22m
[1] [0] [2m오전 8:00:40[22m [36m[1m[vite][22m[39m [90m[2m(client)[22m[39m [32mpage reload [39m[2m.svelte-kit/generated/client/nodes/1.js[22m
[1] [0] [2m오전 8:00:40[22m [36m[1m[vite][22m[39m [90m[2m(client)[22m[39m [32mpage reload [39m[2m.svelte-kit/generated/client/nodes/2.js[22m
[1] [0] [2m오전 8:00:40[22m [36m[1m[vite][22m[39m [90m[2m(client)[22m[39m [32mpage reload [39m[2m.svelte-kit/generated/client/app.js[22m
[1] [0] [2m오전 8:00:40[22m [36m[1m[vite][22m[39m [34m[2m(ssr)[22m[39m [32mpage reload [39m[2m.svelte-kit/generated/shared/error-template.js[22m
[1] [0] [2m오전 8:00:40[22m [36m[1m[vite][22m[39m [90m[2m(client)[22m[39m [32mpage reload [39m[2m.svelte-kit/generated/client/matchers.js[22m
[1] [0] [2m오전 8:00:40[22m [36m[1m[vite][22m[39m [34m[2m(ssr)[22m[39m [32mpage reload [39m[2m.svelte-kit/generated/server/internal.js[22m
[1] [0] [2m오전 8:00:40[22m [36m[1m[vite][22m[39m [90m[2m(client)[22m[39m [32mpage reload [39m[2m.svelte-kit/generated/root.js[22m
[1] [0] [2m오전 8:00:40[22m [36m[1m[vite][22m[39m [34m[2m(ssr)[22m[39m [32mpage reload [39m[2m.svelte-kit/generated/root.js[22m
[1] [0] [2m오전 8:00:40[22m [36m[1m[vite][22m[39m [34m[2m(ssr)[22m[39m [32mpage reload [39m[2m.svelte-kit/generated/root.svelte[22m
[1] [0] [2m오전 8:00:49[22m [31m[1m[vite][22m[39m [31m[2m(client)[22m[39m [31m[Unhandled rejection] [1mTypeError[22m: Failed to fetch
[1] [0] [39m > _$initInterceptor.s.fetch chrome-extension:/eppiocemhmnlbhjplcgkofciiegomcon/libs/requests.js:1:3623
[1] [0]  > chrome-extension:/eppiocemhmnlbhjplcgkofciiegomcon/executors/200.js:1:1253
[1] [0]  > window.fetch node_modules/@sveltejs/kit/src/runtime/client/fetcher.js?v=eccb3538:67:10
[1] [0]  > src/routes/+page.svelte:22:20
[1] [0]     20 |  
[1] [0]     21 |  	onMount(async () => {
[1] [0]     22 |  		const res = await fetch(`${PUBLIC_SERVER_URL}/me`, { credentials: 'include' });
[1] [0]        |                      ^
[1] [0]     23 |  		if (res.ok) {
[1] [0]     24 |  			user = await res.json();
[1] [0]  > untrack node_modules/svelte/src/internal/client/runtime.js:780:9
[1] [0]  > $effect node_modules/svelte/src/index-client.js:100:19
[1] [0]  > update_reaction node_modules/svelte/src/internal/client/runtime.js:259:15
[1] [0]  > update_effect node_modules/svelte/src/internal/client/runtime.js:478:17
[1] [0]  > flush_queued_effects node_modules/svelte/src/internal/client/reactivity/batch.js:1099:3
[1] [0]  > #process node_modules/svelte/src/internal/client/reactivity/batch.js:389:2
[1] [0] 
[0] [1] [32m[nodemon] restarting due to changes...[39m
[0] [1] [32m[nodemon] starting `node dist/index.js`[39m
[0] [1] Server is running on http://localhost:3000
[0] [0] [2J[3J[H오전 8:01:28 - File change detected. Starting incremental compilation...
[0] [0] 
[0] [0] 
[0] [0] 오전 8:01:28 - Found 0 errors. Watching for file changes.
[0] [1] [32m[nodemon] restarting due to changes...[39m
[0] [1] [32m[nodemon] starting `node dist/index.js`[39m
[0] [1] Server is running on http://localhost:3000
[0] [1] [32m[nodemon] clean exit - waiting for changes before restart[39m
[1] [0] [2m오전 8:15:13[22m [31m[1m[vite][22m[39m [31m[2m(client)[22m[39m [2m[console.error] [22mFAILED TypeError: Failed to fetch
[1] [0]     at _$initInterceptor.s.fetch (chrome-extension://eppiocemhmnlbhjplcgkofciiegomcon/libs/requests.js:1:3623)
[1] [0]     at chrome-extension://eppiocemhmnlbhjplcgkofciiegomcon/executors/200.js:1:1253
[1] [0]     at window.fetch (http://localhost:5173/node_modules/@sveltejs/kit/src/runtime/client/fetcher.js?v=eccb3538:67:10)
[1] [0]     at <anonymous>:1:1
[0] [0] [2J[3J[H오전 9:09:09 - File change detected. Starting incremental compilation...
[0] [0] 
[0] [0] 
[0] [0] 오전 9:09:09 - Found 0 errors. Watching for file changes.
[0] [1] [32m[nodemon] restarting due to changes...[39m
[0] [1] [32m[nodemon] starting `node dist/index.js`[39m
[0] [1] [32m[nodemon] restarting due to changes...[39m
[0] [0] [2J[3J[H오전 9:09:10 - File change detected. Starting incremental compilation...
[0] [0] 
[0] [0] 
[0] [0] 오전 9:09:10 - Found 0 errors. Watching for file changes.
[0] [1] Server is running on http://localhost:3000
[0] [1] [32m[nodemon] starting `node dist/index.js`[39m
[0] [1] Server is running on http://localhost:3000
[0] [0] [2J[3J[H오전 9:09:11 - File change detected. Starting incremental compilation...
[0] [0] 
[0] [0] 
[0] [0] 오전 9:09:11 - Found 0 errors. Watching for file changes.
[0] [1] [32m[nodemon] restarting due to changes...[39m
[0] [0] [2J[3J[H오전 9:09:15 - File change detected. Starting incremental compilation...
[0] [0] 
[0] [1] [32m[nodemon] starting `node dist/index.js`[39m
[0] [1] Server is running on http://localhost:3000
[0] [1] [32m[nodemon] clean exit - waiting for changes before restart[39m
[0] [0] 
[0] [0] 오전 9:09:15 - Found 0 errors. Watching for file changes.
[1] [0] [2m오전 9:09:15[22m [36m[1m[vite][22m[39m [90m[2m(client)[22m[39m [32mpage reload [39m[2m.svelte-kit/generated/client/nodes/0.js[22m
[1] [0] [2m오전 9:09:15[22m [36m[1m[vite][22m[39m [90m[2m(client)[22m[39m [32mpage reload [39m[2m.svelte-kit/generated/client/nodes/1.js[22m
[1] [0] [2m오전 9:09:15[22m [36m[1m[vite][22m[39m [90m[2m(client)[22m[39m [32mpage reload [39m[2m.svelte-kit/generated/client/nodes/2.js[22m
[1] [0] [2m오전 9:09:15[22m [36m[1m[vite][22m[39m [90m[2m(client)[22m[39m [32mpage reload [39m[2m.svelte-kit/generated/client/app.js[22m
[1] [0] [2m오전 9:09:15[22m [36m[1m[vite][22m[39m [34m[2m(ssr)[22m[39m [32mpage reload [39m[2m.svelte-kit/generated/shared/error-template.js[22m
[1] [0] [2m오전 9:09:15[22m [36m[1m[vite][22m[39m [34m[2m(ssr)[22m[39m [32mpage reload [39m[2m.svelte-kit/generated/server/internal.js[22m
[1] [0] [2m오전 9:09:15[22m [36m[1m[vite][22m[39m [90m[2m(client)[22m[39m [32mpage reload [39m[2m.svelte-kit/generated/client/matchers.js[22m
[1] [0] [2m오전 9:09:15[22m [36m[1m[vite][22m[39m [90m[2m(client)[22m[39m [32mpage reload [39m[2m.svelte-kit/generated/root.js[22m
[1] [0] [2m오전 9:09:15[22m [36m[1m[vite][22m[39m [34m[2m(ssr)[22m[39m [32mpage reload [39m[2m.svelte-kit/generated/root.js[22m
[1] [0] [2m오전 9:09:15[22m [36m[1m[vite][22m[39m [34m[2m(ssr)[22m[39m [32mpage reload [39m[2m.svelte-kit/generated/root.svelte[22m
[0] [0] [2J[3J[H오전 9:09:15 - File change detected. Starting incremental compilation...
[0] [0] 
[0] [0] 
[0] [0] 오전 9:09:15 - Found 0 errors. Watching for file changes.
[0] [1] [32m[nodemon] restarting due to changes...[39m
[0] [1] [32m[nodemon] starting `node dist/index.js`[39m
[0] [1] node:internal/modules/cjs/loader:686
[0] [1]       throw e;
[0] [1]       ^
[0] [1] 
[0] [1] Error [ERR_PACKAGE_PATH_NOT_EXPORTED]: No "exports" main defined in C:\codespace\stelinfo\backend\node_modules\got-scraping\package.json
[0] [1]     at exportsNotFound (node:internal/modules/esm/resolve:313:10)
[0] [1]     at packageExportsResolve (node:internal/modules/esm/resolve:604:13)
[0] [1]     at resolveExports (node:internal/modules/cjs/loader:679:36)
[0] [1]     at Module._findPath (node:internal/modules/cjs/loader:746:31)
[0] [1]     at Module._resolveFilename (node:internal/modules/cjs/loader:1406:27)
[0] [1]     at defaultResolveImpl (node:internal/modules/cjs/loader:1059:19)
[0] [1]     at resolveForCJSWithHooks (node:internal/modules/cjs/loader:1064:22)
[0] [1]     at Module._load (node:internal/modules/cjs/loader:1227:37)
[0] [1]     at TracingChannel.traceSync (node:diagnostics_channel:328:14)
[0] [1]     at wrapModuleLoad (node:internal/modules/cjs/loader:245:24) {
[0] [1]   code: 'ERR_PACKAGE_PATH_NOT_EXPORTED'
[0] [1] }
[0] [1] 
[0] [1] Node.js v24.11.1
[0] [1] [31m[nodemon] app crashed - waiting for file changes before starting...[39m
[0] [0] [2J[3J[H오전 9:09:45 - File change detected. Starting incremental compilation...
[0] [0] 
[0] [0] 
[0] [0] 오전 9:09:45 - Found 0 errors. Watching for file changes.
[0] [1] [32m[nodemon] restarting due to changes...[39m
[0] [1] [32m[nodemon] starting `node dist/index.js`[39m
[0] [1] node:internal/modules/cjs/loader:686
[0] [1]       throw e;
[0] [1]       ^
[0] [1] 
[0] [1] Error [ERR_PACKAGE_PATH_NOT_EXPORTED]: No "exports" main defined in C:\codespace\stelinfo\backend\node_modules\got-scraping\package.json
[0] [1]     at exportsNotFound (node:internal/modules/esm/resolve:313:10)
[0] [1]     at packageExportsResolve (node:internal/modules/esm/resolve:604:13)
[0] [1]     at resolveExports (node:internal/modules/cjs/loader:679:36)
[0] [1]     at Module._findPath (node:internal/modules/cjs/loader:746:31)
[0] [1]     at Module._resolveFilename (node:internal/modules/cjs/loader:1406:27)
[0] [1]     at defaultResolveImpl (node:internal/modules/cjs/loader:1059:19)
[0] [1]     at resolveForCJSWithHooks (node:internal/modules/cjs/loader:1064:22)
[0] [1]     at Module._load (node:internal/modules/cjs/loader:1227:37)
[0] [1]     at TracingChannel.traceSync (node:diagnostics_channel:328:14)
[0] [1]     at wrapModuleLoad (node:internal/modules/cjs/loader:245:24) {
[0] [1]   code: 'ERR_PACKAGE_PATH_NOT_EXPORTED'
[0] [1] }
[0] [1] 
[0] [1] Node.js v24.11.1
[0] [1] [31m[nodemon] app crashed - waiting for file changes before starting...[39m
[0] [0] [2J[3J[H오전 9:09:51 - File change detected. Starting incremental compilation...
[0] [0] 
[0] [0] 
[0] [0] 오전 9:09:51 - Found 0 errors. Watching for file changes.
[0] [1] [32m[nodemon] restarting due to changes...[39m
[0] [1] [32m[nodemon] starting `node dist/index.js`[39m
[0] [1] node:internal/modules/cjs/loader:686
[0] [1]       throw e;
[0] [1]       ^
[0] [1] 
[0] [1] Error [ERR_PACKAGE_PATH_NOT_EXPORTED]: No "exports" main defined in C:\codespace\stelinfo\backend\node_modules\got-scraping\package.json
[0] [1]     at exportsNotFound (node:internal/modules/esm/resolve:313:10)
[0] [1]     at packageExportsResolve (node:internal/modules/esm/resolve:604:13)
[0] [1]     at resolveExports (node:internal/modules/cjs/loader:679:36)
[0] [1]     at Module._findPath (node:internal/modules/cjs/loader:746:31)
[0] [1]     at Module._resolveFilename (node:internal/modules/cjs/loader:1406:27)
[0] [1]     at defaultResolveImpl (node:internal/modules/cjs/loader:1059:19)
[0] [1]     at resolveForCJSWithHooks (node:internal/modules/cjs/loader:1064:22)
[0] [1]     at Module._load (node:internal/modules/cjs/loader:1227:37)
[0] [1]     at TracingChannel.traceSync (node:diagnostics_channel:328:14)
[0] [1]     at wrapModuleLoad (node:internal/modules/cjs/loader:245:24) {
[0] [1]   code: 'ERR_PACKAGE_PATH_NOT_EXPORTED'
[0] [1] }
[0] [1] 
[0] [1] Node.js v24.11.1
[0] [1] [31m[nodemon] app crashed - waiting for file changes before starting...[39m
[0] [1] [32m[nodemon] restarting due to changes...[39m
[0] [1] [32m[nodemon] starting `node dist/index.js`[39m
[0] [1] node:internal/modules/cjs/loader:686
[0] [1]       throw e;
[0] [1]       ^
[0] [1] 
[0] [1] Error [ERR_PACKAGE_PATH_NOT_EXPORTED]: No "exports" main defined in C:\codespace\stelinfo\backend\node_modules\got-scraping\package.json
[0] [1]     at exportsNotFound (node:internal/modules/esm/resolve:313:10)
[0] [1]     at packageExportsResolve (node:internal/modules/esm/resolve:604:13)
[0] [1]     at resolveExports (node:internal/modules/cjs/loader:679:36)
[0] [1]     at Module._findPath (node:internal/modules/cjs/loader:746:31)
[0] [1]     at Module._resolveFilename (node:internal/modules/cjs/loader:1406:27)
[0] [1]     at defaultResolveImpl (node:internal/modules/cjs/loader:1059:19)
[0] [1]     at resolveForCJSWithHooks (node:internal/modules/cjs/loader:1064:22)
[0] [1]     at Module._load (node:internal/modules/cjs/loader:1227:37)
[0] [1]     at TracingChannel.traceSync (node:diagnostics_channel:328:14)
[0] [1]     at wrapModuleLoad (node:internal/modules/cjs/loader:245:24) {
[0] [1]   code: 'ERR_PACKAGE_PATH_NOT_EXPORTED'
[0] [1] }
[0] [1] 
[0] [1] Node.js v24.11.1
[0] [1] [31m[nodemon] app crashed - waiting for file changes before starting...[39m
[1] [0] [2m오전 9:09:54[22m [36m[1m[vite][22m[39m [90m[2m(client)[22m[39m [32mpage reload [39m[2m.svelte-kit/generated/client/nodes/0.js[22m
[1] [0] [2m오전 9:09:54[22m [36m[1m[vite][22m[39m [90m[2m(client)[22m[39m [32mpage reload [39m[2m.svelte-kit/generated/client/nodes/1.js[22m
[1] [0] [2m오전 9:09:54[22m [36m[1m[vite][22m[39m [90m[2m(client)[22m[39m [32mpage reload [39m[2m.svelte-kit/generated/client/app.js[22m
[1] [0] [2m오전 9:09:54[22m [36m[1m[vite][22m[39m [90m[2m(client)[22m[39m [32mpage reload [39m[2m.svelte-kit/generated/client/nodes/2.js[22m
[1] [0] [2m오전 9:09:54[22m [36m[1m[vite][22m[39m [90m[2m(client)[22m[39m [32mpage reload [39m[2m.svelte-kit/generated/client/matchers.js[22m
[1] [0] [2m오전 9:09:54[22m [36m[1m[vite][22m[39m [34m[2m(ssr)[22m[39m [32mpage reload [39m[2m.svelte-kit/generated/shared/error-template.js[22m
[1] [0] [2m오전 9:09:54[22m [36m[1m[vite][22m[39m [34m[2m(ssr)[22m[39m [32mpage reload [39m[2m.svelte-kit/generated/server/internal.js[22m
[1] [0] [2m오전 9:09:54[22m [36m[1m[vite][22m[39m [90m[2m(client)[22m[39m [32mpage reload [39m[2m.svelte-kit/generated/root.js[22m
[1] [0] [2m오전 9:09:54[22m [36m[1m[vite][22m[39m [34m[2m(ssr)[22m[39m [32mpage reload [39m[2m.svelte-kit/generated/root.js[22m
[1] [0] [2m오전 9:09:54[22m [36m[1m[vite][22m[39m [34m[2m(ssr)[22m[39m [32mpage reload [39m[2m.svelte-kit/generated/root.svelte[22m
[1] [0] [2m오전 9:09:56[22m [31m[1m[vite][22m[39m [31m[2m(client)[22m[39m [31m[Unhandled rejection] [1mTypeError[22m: Failed to fetch
[1] [0] [39m > _$initInterceptor.s.fetch chrome-extension:/eppiocemhmnlbhjplcgkofciiegomcon/libs/requests.js:1:3623
[1] [0]  > chrome-extension:/eppiocemhmnlbhjplcgkofciiegomcon/executors/200.js:1:1253
[1] [0]  > window.fetch node_modules/@sveltejs/kit/src/runtime/client/fetcher.js?v=eccb3538:67:10
[1] [0]  > src/routes/+page.svelte:22:20
[1] [0]     20 |  
[1] [0]     21 |  	onMount(async () => {
[1] [0]     22 |  		const res = await fetch(`${PUBLIC_SERVER_URL}/me`, { credentials: 'include' });
[1] [0]        |                      ^
[1] [0]     23 |  		if (res.ok) {
[1] [0]     24 |  			user = await res.json();
[1] [0]  > untrack node_modules/svelte/src/internal/client/runtime.js:780:9
[1] [0]  > $effect node_modules/svelte/src/index-client.js:100:19
[1] [0]  > update_reaction node_modules/svelte/src/internal/client/runtime.js:259:15
[1] [0]  > update_effect node_modules/svelte/src/internal/client/runtime.js:478:17
[1] [0]  > flush_queued_effects node_modules/svelte/src/internal/client/reactivity/batch.js:1099:3
[1] [0]  > #process node_modules/svelte/src/internal/client/reactivity/batch.js:389:2
[1] [0] 
[0] [1] [32m[nodemon] restarting due to changes...[39m
[0] [1] [32m[nodemon] starting `node dist/index.js`[39m
[0] [1] node:internal/modules/cjs/loader:686
[0] [1]       throw e;
[0] [1]       ^
[0] [1] 
[0] [1] Error [ERR_PACKAGE_PATH_NOT_EXPORTED]: No "exports" main defined in C:\codespace\stelinfo\backend\node_modules\got-scraping\package.json
[0] [1]     at exportsNotFound (node:internal/modules/esm/resolve:313:10)
[0] [1]     at packageExportsResolve (node:internal/modules/esm/resolve:604:13)
[0] [1]     at resolveExports (node:internal/modules/cjs/loader:679:36)
[0] [1]     at Module._findPath (node:internal/modules/cjs/loader:746:31)
[0] [1]     at Module._resolveFilename (node:internal/modules/cjs/loader:1406:27)
[0] [1]     at defaultResolveImpl (node:internal/modules/cjs/loader:1059:19)
[0] [1]     at resolveForCJSWithHooks (node:internal/modules/cjs/loader:1064:22)
[0] [1]     at Module._load (node:internal/modules/cjs/loader:1227:37)
[0] [1]     at TracingChannel.traceSync (node:diagnostics_channel:328:14)
[0] [1]     at wrapModuleLoad (node:internal/modules/cjs/loader:245:24) {
[0] [1]   code: 'ERR_PACKAGE_PATH_NOT_EXPORTED'
[0] [1] }
[0] [1] 
[0] [1] Node.js v24.11.1
[0] [1] [31m[nodemon] app crashed - waiting for file changes before starting...[39m
[0] [0] [2J[3J[H오전 9:10:21 - File change detected. Starting incremental compilation...
[0] [0] 
[0] [0] 
[0] [0] 오전 9:10:21 - Found 0 errors. Watching for file changes.
[0] [1] [32m[nodemon] restarting due to changes...[39m
[0] [1] [32m[nodemon] starting `node dist/index.js`[39m
[0] [1] node:internal/modules/cjs/loader:686
[0] [1]       throw e;
[0] [1]       ^
[0] [1] 
[0] [1] Error [ERR_PACKAGE_PATH_NOT_EXPORTED]: No "exports" main defined in C:\codespace\stelinfo\backend\node_modules\got-scraping\package.json
[0] [1]     at exportsNotFound (node:internal/modules/esm/resolve:313:10)
[0] [1]     at packageExportsResolve (node:internal/modules/esm/resolve:604:13)
[0] [1]     at resolveExports (node:internal/modules/cjs/loader:679:36)
[0] [1]     at Module._findPath (node:internal/modules/cjs/loader:746:31)
[0] [1]     at Module._resolveFilename (node:internal/modules/cjs/loader:1406:27)
[0] [1]     at defaultResolveImpl (node:internal/modules/cjs/loader:1059:19)
[0] [1]     at resolveForCJSWithHooks (node:internal/modules/cjs/loader:1064:22)
[0] [1]     at Module._load (node:internal/modules/cjs/loader:1227:37)
[0] [1]     at TracingChannel.traceSync (node:diagnostics_channel:328:14)
[0] [1]     at wrapModuleLoad (node:internal/modules/cjs/loader:245:24) {
[0] [1]   code: 'ERR_PACKAGE_PATH_NOT_EXPORTED'
[0] [1] }
[0] [1] 
[0] [1] Node.js v24.11.1
[0] [1] [31m[nodemon] app crashed - waiting for file changes before starting...[39m
[0] [0] [2J[3J[H오전 9:11:34 - File change detected. Starting incremental compilation...
[0] [0] 
[0] [0] 
[0] [0] 오전 9:11:34 - Found 0 errors. Watching for file changes.
[0] [1] [32m[nodemon] restarting due to changes...[39m
[0] [1] [32m[nodemon] starting `node dist/index.js`[39m
[0] [1] Server is running on http://localhost:3000
[0] [1] [32m[nodemon] clean exit - waiting for changes before restart[39m
[0] [0] [2J[3J[H오전 9:11:48 - File change detected. Starting incremental compilation...
[0] [0] 
[0] [0] 
[0] [0] 오전 9:11:48 - Found 0 errors. Watching for file changes.
[0] [1] [32m[nodemon] restarting due to changes...[39m
[0] [1] [32m[nodemon] starting `node dist/index.js`[39m
[0] [1] Server is running on http://localhost:3000
[0] [0] [2J[3J[H오전 9:13:32 - File change detected. Starting incremental compilation...
[0] [0] 
[0] [1] [32m[nodemon] restarting due to changes...[39m
[0] [0] 
[0] [0] 오전 9:13:32 - Found 0 errors. Watching for file changes.
[0] [1] [32m[nodemon] starting `node dist/index.js`[39m
[0] [1] Server is running on http://localhost:3000
[0] [1] [32m[nodemon] clean exit - waiting for changes before restart[39m
[0] [0] [2J[3J[H오전 9:13:49 - File change detected. Starting incremental compilation...
[0] [0] 
[0] [0] 
[0] [0] 오전 9:13:49 - Found 0 errors. Watching for file changes.
[0] [1] [32m[nodemon] restarting due to changes...[39m
[0] [1] [32m[nodemon] starting `node dist/index.js`[39m
[0] [1] Server is running on http://localhost:3000
[0] [1] node:internal/modules/esm/resolve:313
[0] [1]   return new ERR_PACKAGE_PATH_NOT_EXPORTED(
[0] [1]          ^
[0] [1] 
[0] [1] Error [ERR_PACKAGE_PATH_NOT_EXPORTED]: No "exports" main defined in C:\codespace\stelinfo\backend\node_modules\got-scraping\package.json
[0] [1]     at exportsNotFound (node:internal/modules/esm/resolve:313:10)
[0] [1]     at packageExportsResolve (node:internal/modules/esm/resolve:604:13)
[0] [1]     at resolveExports (node:internal/modules/cjs/loader:679:36)
[0] [1]     at Module._findPath (node:internal/modules/cjs/loader:746:31)
[0] [1]     at Module._resolveFilename (node:internal/modules/cjs/loader:1406:27)
[0] [1]     at defaultResolveImpl (node:internal/modules/cjs/loader:1059:19)
[0] [1]     at resolveForCJSWithHooks (node:internal/modules/cjs/loader:1064:22)
[0] [1]     at Module._load (node:internal/modules/cjs/loader:1227:37)
[0] [1]     at TracingChannel.traceSync (node:diagnostics_channel:328:14)
[0] [1]     at wrapModuleLoad (node:internal/modules/cjs/loader:245:24) {
[0] [1]   code: 'ERR_PACKAGE_PATH_NOT_EXPORTED'
[0] [1] }
[0] [1] 
[0] [1] Node.js v24.11.1
[0] [1] [31m[nodemon] app crashed - waiting for file changes before starting...[39m
[0] [1] [32m[nodemon] restarting due to changes...[39m
[0] [1] [32m[nodemon] starting `node dist/index.js`[39m
[0] [1] Server is running on http://localhost:3000
[0] [1] node:internal/modules/esm/resolve:313
[0] [1]   return new ERR_PACKAGE_PATH_NOT_EXPORTED(
[0] [1]          ^
[0] [1] 
[0] [1] Error [ERR_PACKAGE_PATH_NOT_EXPORTED]: No "exports" main defined in C:\codespace\stelinfo\backend\node_modules\got-scraping\package.json
[0] [1]     at exportsNotFound (node:internal/modules/esm/resolve:313:10)
[0] [1]     at packageExportsResolve (node:internal/modules/esm/resolve:604:13)
[0] [1]     at resolveExports (node:internal/modules/cjs/loader:679:36)
[0] [1]     at Module._findPath (node:internal/modules/cjs/loader:746:31)
[0] [1]     at Module._resolveFilename (node:internal/modules/cjs/loader:1406:27)
[0] [1]     at defaultResolveImpl (node:internal/modules/cjs/loader:1059:19)
[0] [1]     at resolveForCJSWithHooks (node:internal/modules/cjs/loader:1064:22)
[0] [1]     at Module._load (node:internal/modules/cjs/loader:1227:37)
[0] [1]     at TracingChannel.traceSync (node:diagnostics_channel:328:14)
[0] [1]     at wrapModuleLoad (node:internal/modules/cjs/loader:245:24) {
[0] [1]   code: 'ERR_PACKAGE_PATH_NOT_EXPORTED'
[0] [1] }
[0] [1] 
[0] [1] Node.js v24.11.1
[0] [1] [31m[nodemon] app crashed - waiting for file changes before starting...[39m
[0] [0] [2J[3J[H오전 9:14:48 - File change detected. Starting incremental compilation...
[0] [0] 
[0] [0] 
[0] [0] 오전 9:14:49 - Found 0 errors. Watching for file changes.
[0] [1] [32m[nodemon] restarting due to changes...[39m
[0] [1] [32m[nodemon] starting `node dist/index.js`[39m
[0] [1] Server is running on http://localhost:3000
[0] [1] ✅ Status Code: 401
[0] [1] 📊 Response Data:
[0] [1]  {
[0] [1]   "code": 401,
[0] [1]   "message": "권한이 없습니다."
[0] [1] }
[0] [1] [32m[nodemon] restarting due to changes...[39m
[0] [1] [32m[nodemon] starting `node dist/index.js`[39m
[0] [1] Server is running on http://localhost:3000
[0] [0] [2J[3J[H오전 9:15:01 - File change detected. Starting incremental compilation...
[0] [0] 
[0] [1] ✅ Status Code: 401
[0] [1] 📊 Response Data:
[0] [1]  {
[0] [1]   "code": 401,
[0] [1]   "message": "권한이 없습니다."
[0] [1] }
[0] [1] [32m[nodemon] clean exit - waiting for changes before restart[39m
[0] [0] 
[0] [0] 오전 9:15:02 - Found 0 errors. Watching for file changes.
[0] [0] [2J[3J[H오전 9:17:00 - File change detected. Starting incremental compilation...
[0] [0] 
[0] [0] 
[0] [0] 오전 9:17:01 - Found 0 errors. Watching for file changes.
[0] [1] [32m[nodemon] restarting due to changes...[39m
[0] [1] [32m[nodemon] starting `node dist/index.js`[39m
[0] [1] Server is running on http://localhost:3000
[0] [1] ✅ Status Code: 401
[0] [1] 📊 Response Data:
[0] [1]  {
[0] [1]   "code": 401,
[0] [1]   "message": "권한이 없습니다."
[0] [1] }
[0] [1] [32m[nodemon] restarting due to changes...[39m
[0] [1] [32m[nodemon] starting `node dist/index.js`[39m
[0] [1] Server is running on http://localhost:3000
[0] [1] ✅ Status Code: 401
[0] [1] 📊 Response Data:
[0] [1]  {
[0] [1]   "code": 401,
[0] [1]   "message": "권한이 없습니다."
[0] [1] }
[0] [1] [32m[nodemon] clean exit - waiting for changes before restart[39m
[0] [1] [32m[nodemon] restarting due to changes...[39m
[0] [1] [32m[nodemon] starting `node dist/index.js`[39m
[0] [1] Server is running on http://localhost:3000
[0] [1] ✅ Status Code: 401
[0] [1] 📊 Response Data:
[0] [1]  {
[0] [1]   "code": 401,
[0] [1]   "message": "권한이 없습니다."
[0] [1] }
[0] [0] [2J[3J[H오전 9:19:43 - File change detected. Starting incremental compilation...
[0] [0] 
[0] [0] 
[0] [0] 오전 9:19:43 - Found 0 errors. Watching for file changes.
[0] [1] [32m[nodemon] restarting due to changes...[39m
[0] [1] [32m[nodemon] starting `node dist/index.js`[39m
[0] [1] Server is running on http://localhost:3000
[0] [1] ✅ Status Code: 200
[0] [1] 📊 Response Data:
[0] [1]  {
[0] [1]   "code": 200,
[0] [1]   "message": null,
[0] [1]   "content": {
[0] [1]     "channelId": null,
[0] [1]     "channelName": "(알 수 없음)",
[0] [1]     "channelImageUrl": null,
[0] [1]     "verifiedMark": false,
[0] [1]     "channelType": "NORMAL",
[0] [1]     "channelDescription": "",
[0] [1]     "followerCount": 0,
[0] [1]     "openLive": false,
[0] [1]     "subscriptionAvailability": false,
[0] [1]     "subscriptionPaymentAvailability": {
[0] [1]       "iapAvailability": false,
[0] [1]       "iabAvailability": false
[0] [1]     },
[0] [1]     "adMonetizationAvailability": false,
[0] [1]     "paidProductSaleAllowed": false
[0] [1]   }
[0] [1] }
[0] [1] [32m[nodemon] clean exit - waiting for changes before restart[39m
[0] [0] [2J[3J[H오전 9:20:05 - File change detected. Starting incremental compilation...
[0] [0] 
[0] [0] 
[0] [0] 오전 9:20:05 - Found 0 errors. Watching for file changes.
[0] [1] [32m[nodemon] restarting due to changes...[39m
[0] [1] [32m[nodemon] starting `node dist/index.js`[39m
[0] [1] Server is running on http://localhost:3000
[0] [1] ✅ Status Code: 200
[0] [1] 📊 Response Data:
[0] [1]  {
[0] [1]   "code": 200,
[0] [1]   "message": null,
[0] [1]   "content": {
[0] [1]     "channelId": null,
[0] [1]     "channelName": "(알 수 없음)",
[0] [1]     "channelImageUrl": null,
[0] [1]     "verifiedMark": false,
[0] [1]     "channelType": "NORMAL",
[0] [1]     "channelDescription": "",
[0] [1]     "followerCount": 0,
[0] [1]     "openLive": false,
[0] [1]     "subscriptionAvailability": false,
[0] [1]     "subscriptionPaymentAvailability": {
[0] [1]       "iapAvailability": false,
[0] [1]       "iabAvailability": false
[0] [1]     },
[0] [1]     "adMonetizationAvailability": false,
[0] [1]     "paidProductSaleAllowed": false
[0] [1]   }
[0] [1] }
[0] [0] [2J[3J[H오전 9:21:35 - File change detected. Starting incremental compilation...
[0] [0] 
[0] [0] 
[0] [0] 오전 9:21:35 - Found 0 errors. Watching for file changes.
[0] [1] [32m[nodemon] restarting due to changes...[39m
[0] [1] [32m[nodemon] starting `node dist/index.js`[39m
[0] [1] Server is running on http://localhost:3000
[0] [1] ✅ Status Code: 200
[0] [1] 📊 Response Data:
[0] [1]  {
[0] [1]   "code": 200,
[0] [1]   "message": null,
[0] [1]   "content": {
[0] [1]     "channelId": "a6c4ddb09cdb160478996007bff35296",
[0] [1]     "userRole": "GUEST",
[0] [1]     "permissions": null,
[0] [1]     "following": null,
[0] [1]     "cheatKey": false,
[0] [1]     "naverMembership": false,
[0] [1]     "restriction": null,
[0] [1]     "privateUserBlock": false,
[0] [1]     "subscription": {
[0] [1]       "subscribing": false,
[0] [1]       "subscriptionDeferred": false,
[0] [1]       "subscriptionAlertNotified": false,
[0] [1]       "subscriptionAlertRefused": false,
[0] [1]       "subscriptionDisabled": false,
[0] [1]       "subscriptionExpireNotifyRequired": false,
[0] [1]       "subscriptionGift": false
[0] [1]     },
[0] [1]     "playerAdFlag": {
[0] [1]       "preRoll": true,
[0] [1]       "midRoll": true,
[0] [1]       "postRoll": true
[0] [1]     }
[0] [1]   }
[0] [1] }
[0] [1] [32m[nodemon] clean exit - waiting for changes before restart[39m
[1] [0] [2m오전 9:28:33[22m [31m[1m[vite][22m[39m [31m[2m(client)[22m[39m [31m[Unhandled rejection] [1mTypeError[22m: Failed to fetch
[1] [0] [39m > _$initInterceptor.s.fetch chrome-extension:/eppiocemhmnlbhjplcgkofciiegomcon/libs/requests.js:1:3623
[1] [0]  > chrome-extension:/eppiocemhmnlbhjplcgkofciiegomcon/executors/200.js:1:1253
[1] [0]  > window.fetch node_modules/@sveltejs/kit/src/runtime/client/fetcher.js?v=eccb3538:67:10
[1] [0] 
[0] [0] [2J[3J[H오전 9:29:16 - File change detected. Starting incremental compilation...
[0] [0] 
[0] [0] 
[0] [0] 오전 9:29:16 - Found 0 errors. Watching for file changes.
[1] [0] cd frontend && npm run dev exited with code 1073807364
[1] npm run start:frontend exited with code 1
