
> stelinfo@1.0.0 start
> concurrently "npm run start:backend" "npm run start:frontend"

[0] 
[0] > stelinfo@1.0.0 start:backend
[0] > concurrently "cd backend && tsc -w" "cd backend && nodemon dist/index.js"
[0] 
[1] 
[1] > stelinfo@1.0.0 start:frontend
[1] > concurrently "cd frontend && npm run dev"
[1] 
[0] [0] [2J[3J[H오전 3:21:19 - Starting compilation in watch mode...
[0] [0] 
[0] [1] [33m[nodemon] 3.1.11[39m
[0] [1] [33m[nodemon] to restart at any time, enter `rs`[39m
[0] [1] [33m[nodemon] watching path(s): *.*[39m
[0] [1] [33m[nodemon] watching extensions: js,mjs,cjs,json[39m
[0] [1] [32m[nodemon] starting `node dist/index.js`[39m
[1] [0] 
[1] [0] > frontend@0.0.1 dev
[1] [0] > vite dev
[1] [0] 
[0] [1] Server is running on http://localhost:3000
[0] [1] [32m[nodemon] restarting due to changes...[39m
[0] [0] 
[0] [0] 오전 3:21:20 - Found 0 errors. Watching for file changes.
[0] [1] [32m[nodemon] restarting due to changes...[39m
[0] [1] [32m[nodemon] starting `node dist/index.js`[39m
[0] [1] Server is running on http://localhost:3000
[1] [0] 
[1] [0]   [32m[1mVITE[22m v8.1.5[39m  [2mready in [0m[1m858[22m[2m[0m ms[22m
[1] [0] 
[1] [0]   [32m➜[39m  [1mLocal[22m:   [36mhttp://localhost:[1m5173[22m/[39m
[1] [0] [2m  [32m➜[39m  [1mNetwork[22m[2m: use [22m[1m--host[22m[2m to expose[22m
[0] [0] [2J[3J[H오전 3:25:46 - File change detected. Starting incremental compilation...
[0] [0] 
[0] [1] [32m[nodemon] restarting due to changes...[39m
[0] [0] 
[0] [0] 오전 3:25:46 - Found 0 errors. Watching for file changes.
[0] [1] [32m[nodemon] restarting due to changes...[39m
[0] [1] [32m[nodemon] starting `node dist/index.js`[39m
[0] [1] Server is running on http://localhost:3000
[0] [0] [2J[3J[H오전 3:25:57 - File change detected. Starting incremental compilation...
[0] [0] 
[0] [0] 
[0] [0] 오전 3:25:57 - Found 0 errors. Watching for file changes.
[0] [1] [32m[nodemon] restarting due to changes...[39m
[0] [1] [32m[nodemon] starting `node dist/index.js`[39m
[0] [1] Server is running on http://localhost:3000
[1] [0] [2m오전 3:26:19[22m [36m[1m[vite][22m[39m [90m[2m(client)[22m[39m [32mhmr update [39m[2m/src/routes/+page.svelte[22m
[1] [0] [2m오전 3:26:19[22m [36m[1m[vite][22m[39m [34m[2m(ssr)[22m[39m [32mpage reload [39m[2msrc/routes/+page.svelte[22m
[1] [0] [2m오전 3:26:51[22m [36m[1m[vite][22m[39m [90m[2m(client)[22m[39m [32mhmr update [39m[2m/src/lib/components/InfoDetail.svelte[22m
[1] [0] [2m오전 3:26:51[22m [36m[1m[vite][22m[39m [34m[2m(ssr)[22m[39m [32mpage reload [39m[2msrc/lib/components/InfoDetail.svelte[22m
[1] [0] [2m오전 3:27:06[22m [36m[1m[vite][22m[39m [90m[2m(client)[22m[39m [32mhmr update [39m[2m/src/lib/components/InfoDetail.svelte[22m
[1] [0] [2m오전 3:27:06[22m [36m[1m[vite][22m[39m [34m[2m(ssr)[22m[39m [32mpage reload [39m[2msrc/lib/components/InfoDetail.svelte[22m
[1] [0] [2m오전 3:27:27[22m [36m[1m[vite][22m[39m [90m[2m(client)[22m[39m [32mhmr update [39m[2m/src/lib/components/InfoDetail.svelte[22m
[1] [0] [2m오전 3:27:27[22m [36m[1m[vite][22m[39m [34m[2m(ssr)[22m[39m [32mpage reload [39m[2msrc/lib/components/InfoDetail.svelte[22m
[1] [0] [2m오전 3:27:36[22m [36m[1m[vite][22m[39m [90m[2m(client)[22m[39m [32mhmr update [39m[2m/src/lib/components/InfoDetail.svelte[22m
[1] [0] [2m오전 3:27:36[22m [36m[1m[vite][22m[39m [34m[2m(ssr)[22m[39m [32mpage reload [39m[2msrc/lib/components/InfoDetail.svelte[22m
[1] [0] [2m오전 3:28:07[22m [36m[1m[vite][22m[39m [90m[2m(client)[22m[39m [32mhmr update [39m[2m/src/lib/components/InfoDetail.svelte?svelte&type=style&lang.css[22m
[1] [0] [2m오전 3:28:07[22m [36m[1m[vite][22m[39m [34m[2m(ssr)[22m[39m [32mpage reload [39m[2msrc/lib/components/InfoDetail.svelte[22m
[1] [0] [2m오전 3:28:20[22m [36m[1m[vite][22m[39m [90m[2m(client)[22m[39m [32mhmr update [39m[2m/src/lib/components/InfoDetail.svelte, /src/lib/components/InfoDetail.svelte?svelte&type=style&lang.css[22m
[1] [0] [2m오전 3:28:20[22m [36m[1m[vite][22m[39m [34m[2m(ssr)[22m[39m [32mpage reload [39m[2msrc/lib/components/InfoDetail.svelte[22m
[1] [0] [2m오전 3:34:03[22m [36m[1m[vite][22m[39m [90m[2m(client)[22m[39m [32mhmr update [39m[2m/src/lib/components/InfoDetail.svelte[22m
[1] [0] [2m오전 3:34:03[22m [36m[1m[vite][22m[39m [34m[2m(ssr)[22m[39m [32mpage reload [39m[2msrc/lib/components/InfoDetail.svelte[22m
[1] [0] [2m오전 3:34:17[22m [36m[1m[vite][22m[39m [90m[2m(client)[22m[39m [32mhmr update [39m[2m/src/lib/components/InfoDetail.svelte[22m
[1] [0] [2m오전 3:34:17[22m [36m[1m[vite][22m[39m [34m[2m(ssr)[22m[39m [32mpage reload [39m[2msrc/lib/components/InfoDetail.svelte[22m
[1] [0] [2m오전 3:34:23[22m [36m[1m[vite][22m[39m [90m[2m(client)[22m[39m [32mhmr update [39m[2m/src/lib/components/InfoDetail.svelte[22m
[1] [0] [2m오전 3:34:23[22m [36m[1m[vite][22m[39m [34m[2m(ssr)[22m[39m [32mpage reload [39m[2msrc/lib/components/InfoDetail.svelte[22m
[1] [0] [2m오전 3:34:23[22m [31m[1m[vite][22m[39m [31m[2m(client)[22m[39m [31m[Unhandled error] [1mTypeError[22m: Cannot read properties of undefined (reading 'channelName')
[1] [0] 
[1] [0] 	in <unknown>
[1] [0] 	in InfoDetail.svelte
[1] [0] 	in +page.svelte
[1] [0] 	in +layout.svelte
[1] [0] 	in root.svelte
[1] [0] 	in undefined
[1] [0] 
[1] [0] [39m > src/lib/components/InfoDetail.svelte:129:14
[1] [0]     127 |  			<div class="info-row">
[1] [0]     128 |  				<dt>닉네임</dt>
[1] [0]     129 |  				<dd>{user.channelName}</dd>
[1] [0]         |                ^
[1] [0]     130 |  			</div>
[1] [0]     131 |  		</dl>
[1] [0]  > node_modules/svelte/src/internal/client/reactivity/effects.js:391:3
[1] [0]  > update_reaction node_modules/svelte/src/internal/client/runtime.js:259:15
[1] [0]  > update_effect node_modules/svelte/src/internal/client/runtime.js:478:17
[1] [0]  > create_effect node_modules/svelte/src/internal/client/reactivity/effects.js:137:3
[1] [0]  > node_modules/svelte/src/internal/client/reactivity/effects.js:390:2
[1] [0]  > flatten node_modules/svelte/src/internal/client/reactivity/async.js:57:2
[1] [0]  > Module.template_effect node_modules/svelte/src/internal/client/reactivity/effects.js:389:1
[1] [0]  > InfoDetail src/lib/components/InfoDetail.svelte?t=1784745262991:299:4
[1] [0]  > node_modules/svelte/src/internal/client/dev/hmr.js:51:49
[1] [0] 
[1] [0] [2m오전 3:34:31[22m [31m[1m[vite][22m[39m [31m[2m(client)[22m[39m [31m[Unhandled error] [1mTypeError[22m: Cannot read properties of undefined (reading 'channelName')
[1] [0] 
[1] [0] 	in <unknown>
[1] [0] 	in InfoDetail.svelte
[1] [0] 	in +page.svelte
[1] [0] 	in +layout.svelte
[1] [0] 	in root.svelte
[1] [0] 	in undefined
[1] [0] 
[1] [0] [39m > src/lib/components/InfoDetail.svelte:129:14
[1] [0]     127 |  			<div class="info-row">
[1] [0]     128 |  				<dt>닉네임</dt>
[1] [0]     129 |  				<dd>{user.channelName}</dd>
[1] [0]         |                ^
[1] [0]     130 |  			</div>
[1] [0]     131 |  		</dl>
[1] [0]  > node_modules/svelte/src/internal/client/reactivity/effects.js:391:3
[1] [0]  > update_reaction node_modules/svelte/src/internal/client/runtime.js:259:15
[1] [0]  > update_effect node_modules/svelte/src/internal/client/runtime.js:478:17
[1] [0]  > create_effect node_modules/svelte/src/internal/client/reactivity/effects.js:137:3
[1] [0]  > node_modules/svelte/src/internal/client/reactivity/effects.js:390:2
[1] [0]  > flatten node_modules/svelte/src/internal/client/reactivity/async.js:57:2
[1] [0]  > Module.template_effect node_modules/svelte/src/internal/client/reactivity/effects.js:389:1
[1] [0]  > InfoDetail src/lib/components/InfoDetail.svelte?t=1784745262991:299:4
[1] [0]  > node_modules/svelte/src/internal/client/dev/hmr.js:51:49
[1] [0] 
[1] [0] [2m오전 3:34:34[22m [36m[1m[vite][22m[39m [90m[2m(client)[22m[39m [32mhmr update [39m[2m/src/routes/+page.svelte[22m
[1] [0] [2m오전 3:34:34[22m [36m[1m[vite][22m[39m [34m[2m(ssr)[22m[39m [32mpage reload [39m[2msrc/routes/+page.svelte[22m
[1] [0] [2m오전 3:34:44[22m [36m[1m[vite][22m[39m [90m[2m(client)[22m[39m [32mhmr update [39m[2m/src/routes/+page.svelte[22m
[1] [0] [2m오전 3:34:44[22m [36m[1m[vite][22m[39m [34m[2m(ssr)[22m[39m [32mpage reload [39m[2msrc/lib/data/dummy.ts[22m
[0] [0] [2J[3J[H오전 3:40:30 - File change detected. Starting incremental compilation...
[0] [0] 
[0] [0] 
[0] [0] 오전 3:40:31 - Found 0 errors. Watching for file changes.
[0] [1] [32m[nodemon] restarting due to changes...[39m
[0] [1] [32m[nodemon] starting `node dist/index.js`[39m
[0] [1] Server is running on http://localhost:3000
[0] [0] [2J[3J[H오전 3:40:45 - File change detected. Starting incremental compilation...
[0] [0] 
[0] [0] 
[0] [0] 오전 3:40:45 - Found 0 errors. Watching for file changes.
[0] [1] [32m[nodemon] restarting due to changes...[39m
[0] [1] [32m[nodemon] starting `node dist/index.js`[39m
[0] [1] Server is running on http://localhost:3000
[0] [0] [2J[3J[H오전 3:40:52 - File change detected. Starting incremental compilation...
[0] [0] 
[0] [0] 
[0] [0] 오전 3:40:52 - Found 0 errors. Watching for file changes.
[0] [1] [32m[nodemon] restarting due to changes...[39m
[0] [1] [32m[nodemon] starting `node dist/index.js`[39m
[0] [1] Server is running on http://localhost:3000
[1] [0] [2m오전 3:41:17[22m [36m[1m[vite][22m[39m [90m[2m(client)[22m[39m [32mhmr update [39m[2m/src/routes/+page.svelte[22m
[1] [0] [2m오전 3:41:17[22m [36m[1m[vite][22m[39m [34m[2m(ssr)[22m[39m [32mpage reload [39m[2msrc/routes/+page.svelte[22m
[1] [0] [2m오전 3:41:24[22m [36m[1m[vite][22m[39m [90m[2m(client)[22m[39m [32mhmr update [39m[2m/src/routes/+page.svelte[22m
[1] [0] [2m오전 3:41:24[22m [36m[1m[vite][22m[39m [34m[2m(ssr)[22m[39m [32mpage reload [39m[2msrc/routes/+page.svelte[22m
[1] [0] [2m오전 3:41:31[22m [36m[1m[vite][22m[39m [90m[2m(client)[22m[39m [32mpage reload [39m[2msrc/lib/data/dummy.ts[22m
[1] [0] [2m오전 3:41:31[22m [36m[1m[vite][22m[39m [34m[2m(ssr)[22m[39m [32mpage reload [39m[2msrc/lib/data/dummy.ts[22m
[0] [0] [2J[3J[H오전 3:43:11 - File change detected. Starting incremental compilation...
[0] [0] 
[0] [1] [32m[nodemon] restarting due to changes...[39m
[0] [0] 
[0] [0] 오전 3:43:11 - Found 0 errors. Watching for file changes.
[0] [1] [32m[nodemon] restarting due to changes...[39m
[0] [1] [32m[nodemon] restarting due to changes...[39m
[0] [1] [32m[nodemon] starting `node dist/index.js`[39m
[0] [1] Server is running on http://localhost:3000
[0] [1] [32m[nodemon] restarting due to changes...[39m
[0] [1] [32m[nodemon] restarting due to changes...[39m
[0] [1] [32m[nodemon] starting `node dist/index.js`[39m
[0] [1] Server is running on http://localhost:3000
[0] [0] [2J[3J[H오전 3:55:36 - File change detected. Starting incremental compilation...
[0] [0] 
[0] [0] 
[0] [0] 오전 3:55:36 - Found 0 errors. Watching for file changes.
[0] [1] [32m[nodemon] restarting due to changes...[39m
[0] [1] [32m[nodemon] starting `node dist/index.js`[39m
[0] [1] Server is running on http://localhost:3000
[0] [0] [2J[3J[H오전 3:58:15 - File change detected. Starting incremental compilation...
[0] [0] 
[0] [0] 
[0] [0] 오전 3:58:15 - Found 0 errors. Watching for file changes.
[0] [1] [32m[nodemon] restarting due to changes...[39m
[0] [1] [32m[nodemon] starting `node dist/index.js`[39m
[0] [1] Server is running on http://localhost:3000
[0] [0] [2J[3J[H오전 3:58:50 - File change detected. Starting incremental compilation...
[0] [0] 
[0] [1] [32m[nodemon] restarting due to changes...[39m
[0] [0] 
[0] [0] 오전 3:58:50 - Found 0 errors. Watching for file changes.
[0] [1] [32m[nodemon] restarting due to changes...[39m
[0] [1] [32m[nodemon] starting `node dist/index.js`[39m
[0] [1] Server is running on http://localhost:3000
[0] [0] [2J[3J[H오전 3:59:04 - File change detected. Starting incremental compilation...
[0] [0] 
[0] [0] 
[0] [0] 오전 3:59:04 - Found 0 errors. Watching for file changes.
[0] [1] [32m[nodemon] restarting due to changes...[39m
[0] [1] [32m[nodemon] starting `node dist/index.js`[39m
[0] [1] Server is running on http://localhost:3000
[0] [0] [2J[3J[H오전 3:59:20 - File change detected. Starting incremental compilation...
[0] [0] 
[0] [0] 
[0] [0] 오전 3:59:20 - Found 0 errors. Watching for file changes.
[0] [1] [32m[nodemon] restarting due to changes...[39m
[0] [1] [32m[nodemon] starting `node dist/index.js`[39m
[0] [1] Server is running on http://localhost:3000
[0] [1] [32m[nodemon] restarting due to changes...[39m
[0] [1] [32m[nodemon] starting `node dist/index.js`[39m
[0] [1] Server is running on http://localhost:3000
[1] [0] [2m오전 4:00:20[22m [36m[1m[vite][22m[39m [90m[2m(client)[22m[39m [32mhmr update [39m[2m/src/lib/components/InfoDetail.svelte[22m
[1] [0] [2m오전 4:00:20[22m [36m[1m[vite][22m[39m [34m[2m(ssr)[22m[39m [32mpage reload [39m[2msrc/lib/components/InfoDetail.svelte[22m
[1] [0] [2m오전 4:00:34[22m [36m[1m[vite][22m[39m [90m[2m(client)[22m[39m [32mhmr update [39m[2m/src/lib/components/InfoDetail.svelte?svelte&type=style&lang.css[22m
[1] [0] [2m오전 4:00:34[22m [36m[1m[vite][22m[39m [34m[2m(ssr)[22m[39m [32mpage reload [39m[2msrc/lib/components/InfoDetail.svelte[22m
